2026-03-26 02:24:36,195 - 106592 - hummingbot.connector.exchange.deltadefi.deltadefi_exchange.DeltadefiExchange - INFO - Network status has changed to NetworkStatus.CONNECTED. Starting networking...
2026-03-26 02:24:36,332 - 106592 - hummingbot.connector.exchange.deltadefi.deltadefi_exchange.DeltadefiExchange - INFO - Operation wallet initialized successfully for transaction signing
2026-03-26 02:24:36,401 - 106592 - hummingbot.connector.exchange.deltadefi.deltadefi_api_user_stream_data_source.DeltaDefiAPIUserStreamDataSource - INFO - Connected to private account stream (auto-subscribed)
2026-03-26 02:24:36,432 - 106592 - hummingbot.connector.exchange.deltadefi.deltadefi_api_order_book_data_source.DeltaDefiAPIOrderBookDataSource - INFO - Connected to market depth stream (auto-subscribed)
2026-03-26 02:24:36,432 - 106592 - hummingbot.connector.exchange.deltadefi.deltadefi_api_order_book_data_source.DeltaDefiAPIOrderBookDataSource - INFO - Connected to market trades stream
2026-03-26 02:24:37,000 - 106592 - hummingbot.strategy.strategy_v2_base - WARNING - deltadefi is not ready. Please wait...
2026-03-26 02:24:39,379 - 106592 - hummingbot.connector.client_order_tracker - INFO - Created LIMIT SELL order hbot-deltadefiSIGUM64ddd617db423561b7633e64150a0b7ccdf6cfb33d14d for 2357.078 IAG-USDM at 0.26990.
2026-03-26 02:24:39,396 - 106592 - hummingbot.core.event.event_reporter - EVENT_LOG - {"timestamp": 1774463079.0, "type": "OrderType.LIMIT", "trading_pair": "IAG-USDM", "amount": "2357.078", "price": "0.26990", "order_id": "hbot-deltadefiSIGUM64ddd617db423561b7633e64150a0b7ccdf6cfb33d14d", "creation_timestamp": 1774463079.0, "exchange_order_id": "4afc1165-27cc-4805-b837-e7d86e27dbf6", "leverage": 1, "position": "NIL", "event_name": "SellOrderCreatedEvent", "event_source": "deltadefi"}
2026-03-26 02:24:39,484 - 106592 - hummingbot.connector.client_order_tracker - INFO - Created LIMIT BUY order hbot-deltadefiBIGUM64ddd617dbfb2561b7633e64150a0b7ccdf6cfb33d14d for 2376.018 IAG-USDM at 0.26780.
2026-03-26 02:24:39,496 - 106592 - hummingbot.core.event.event_reporter - EVENT_LOG - {"timestamp": 1774463079.0, "type": "OrderType.LIMIT", "trading_pair": "IAG-USDM", "amount": "2376.018", "price": "0.26780", "order_id": "hbot-deltadefiBIGUM64ddd617dbfb2561b7633e64150a0b7ccdf6cfb33d14d", "creation_timestamp": 1774463079.0, "exchange_order_id": "c99f4d61-b3e1-4d20-83f8-9740df6b4c71", "leverage": 1, "position": "NIL", "event_name": "BuyOrderCreatedEvent", "event_source": "deltadefi"}
2026-03-26 02:24:40,226 - 106592 - hummingbot.connector.client_order_tracker - INFO - The SELL order hbot-deltadefiSIGUM64ddd617db423561b7633e64150a0b7ccdf6cfb33d14d amounting to 2357.078/2357.078 IAG has been filled at 0.2701 USDM.
2026-03-26 02:24:40,227 - 106592 - hummingbot.strategy.strategy_v2_base - INFO - CL-AMM SELL 2357.0780 @ 0.270100 | P&L: -193.6608 | pool: 0.269739 | range: [0.256744, 0.285357] [clock=2026-03-25 18:24:40+00:00]
2026-03-26 02:24:40,240 - 106592 - hummingbot.core.event.event_reporter - EVENT_LOG - {"timestamp": 1774463080.0, "order_id": "hbot-deltadefiSIGUM64ddd617db423561b7633e64150a0b7ccdf6cfb33d14d", "trading_pair": "IAG-USDM", "trade_type": "TradeType.SELL", "order_type": "OrderType.LIMIT", "price": "0.2701", "amount": "2357.078", "trade_fee": {"percent": "0", "percent_token": "USDM", "flat_fees": [{"token": "USDM", "amount": "0.636646"}]}, "exchange_trade_id": "99d93660-f12b-4b19-a185-1641284ee420", "exchange_order_id": "4afc1165-27cc-4805-b837-e7d86e27dbf6", "leverage": 1, "position": "NIL", "event_name": "OrderFilledEvent", "event_source": "deltadefi"}
2026-03-26 02:24:40,273 - 106592 - hummingbot.core.event.event_reporter - EVENT_LOG - {"timestamp": 1774463080.0, "order_id": "hbot-deltadefiSIGUM64ddd617db423561b7633e64150a0b7ccdf6cfb33d14d", "base_asset": "IAG", "quote_asset": "USDM", "base_asset_amount": "2357.078", "quote_asset_amount": "636.646768", "order_type": "OrderType.LIMIT", "exchange_order_id": "4afc1165-27cc-4805-b837-e7d86e27dbf6", "event_name": "SellOrderCompletedEvent", "event_source": "deltadefi"}
2026-03-26 02:24:40,273 - 106592 - hummingbot.connector.client_order_tracker - INFO - SELL order hbot-deltadefiSIGUM64ddd617db423561b7633e64150a0b7ccdf6cfb33d14d completely filled.
2026-03-26 02:24:40,320 - 106592 - hummingbot.core.event.event_reporter - EVENT_LOG - {"timestamp": 1774463080.0, "order_id": "hbot-deltadefiBIGUM64ddd617dbfb2561b7633e64150a0b7ccdf6cfb33d14d", "exchange_order_id": "c99f4d61-b3e1-4d20-83f8-9740df6b4c71", "event_name": "OrderCancelledEvent", "event_source": "deltadefi"}
2026-03-26 02:24:40,321 - 106592 - hummingbot.connector.client_order_tracker - INFO - Successfully canceled order hbot-deltadefiBIGUM64ddd617dbfb2561b7633e64150a0b7ccdf6cfb33d14d.
2026-03-26 02:24:40,772 - 106592 - hummingbot.connector.client_order_tracker - INFO - Created LIMIT SELL order hbot-deltadefiSIGUM64ddd61919e31561b7633e64150a0b7ccdf6cfb33d14d for 2354.225 IAG-USDM at 0.27130.
2026-03-26 02:24:40,786 - 106592 - hummingbot.core.event.event_reporter - EVENT_LOG - {"timestamp": 1774463080.0, "type": "OrderType.LIMIT", "trading_pair": "IAG-USDM", "amount": "2354.225", "price": "0.27130", "order_id": "hbot-deltadefiSIGUM64ddd61919e31561b7633e64150a0b7ccdf6cfb33d14d", "creation_timestamp": 1774463080.0, "exchange_order_id": "1d092c5c-4265-4e9a-954c-38775beafdba", "leverage": 1, "position": "NIL", "event_name": "SellOrderCreatedEvent", "event_source": "deltadefi"}
2026-03-26 02:24:41,159 - 106592 - hummingbot.connector.client_order_tracker - INFO - Created LIMIT BUY order hbot-deltadefiBIGUM64ddd61919e90561b7633e64150a0b7ccdf6cfb33d14d for 2375.503 IAG-USDM at 0.26890.
2026-03-26 02:24:41,175 - 106592 - hummingbot.core.event.event_reporter - EVENT_LOG - {"timestamp": 1774463081.0, "type": "OrderType.LIMIT", "trading_pair": "IAG-USDM", "amount": "2375.503", "price": "0.26890", "order_id": "hbot-deltadefiBIGUM64ddd61919e90561b7633e64150a0b7ccdf6cfb33d14d", "creation_timestamp": 1774463080.0, "exchange_order_id": "d5e4899a-7588-4ea1-99f0-391b0f3b0aeb", "leverage": 1, "position": "NIL", "event_name": "BuyOrderCreatedEvent", "event_source": "deltadefi"}
2026-03-26 02:28:42,362 - 804034 - hummingbot.core.trading_core - INFO - Markets recorder initialized with database: conf_deltadefi_cl_amm_mm_4
2026-03-26 02:28:42,392 - 804034 - hummingbot.core.trading_core - INFO - Creating the clock with tick size: 1.0
2026-03-26 02:28:42,393 - 804034 - hummingbot.core.trading_core - INFO - Clock started successfully
2026-03-26 02:28:42,396 - 804034 - hummingbot.core.trading_core - INFO - 'deltadefi_cl_amm_mm' strategy execution started.
2026-03-26 02:28:42,396 - 804034 - hummingbot.core.trading_core - INFO - Strategy deltadefi_cl_amm_mm started successfully
2026-03-26 02:28:42,471 - 804034 - hummingbot.connector.exchange.deltadefi.deltadefi_exchange.DeltadefiExchange - INFO - Network status has changed to NetworkStatus.CONNECTED. Starting networking...
2026-03-26 02:28:42,472 - 804034 - hummingbot.core.data_type.order_book_tracker - INFO - Initialized order book for IAG-USDM. 1/1 completed.
2026-03-26 02:28:42,616 - 804034 - hummingbot.connector.exchange.deltadefi.deltadefi_exchange.DeltadefiExchange - INFO - Operation wallet initialized successfully for transaction signing
2026-03-26 02:28:43,110 - 804034 - hummingbot.core.rate_oracle.rate_oracle - INFO - Network status has changed to NetworkStatus.CONNECTED. Starting networking...
2026-03-26 02:28:43,111 - 804034 - hummingbot.strategy.strategy_v2_base - WARNING - deltadefi is not ready. Please wait...
2026-03-26 02:28:43,151 - 804034 - hummingbot.connector.exchange.deltadefi.deltadefi_exchange.DeltadefiExchange - INFO - Startup cancel-all sent for IAG-USDM
2026-03-26 02:28:43,167 - 804034 - hummingbot.connector.exchange.deltadefi.deltadefi_api_order_book_data_source.DeltaDefiAPIOrderBookDataSource - INFO - Connected to market trades stream
2026-03-26 02:28:43,167 - 804034 - hummingbot.connector.exchange.deltadefi.deltadefi_api_order_book_data_source.DeltaDefiAPIOrderBookDataSource - INFO - Connected to market depth stream (auto-subscribed)
2026-03-26 02:28:43,184 - 804034 - hummingbot.connector.exchange.deltadefi.deltadefi_api_user_stream_data_source.DeltaDefiAPIUserStreamDataSource - INFO - Connected to private account stream (auto-subscribed)
2026-03-26 02:28:43,443 - 804034 - hummingbot.core.event.event_reporter - EVENT_LOG - {"timestamp": 1774463323.0, "order_id": "hbot-deltadefiSIGUM64ddd61919e31561b7633e64150a0b7ccdf6cfb33d14d", "exchange_order_id": "1d092c5c-4265-4e9a-954c-38775beafdba", "event_name": "OrderCancelledEvent", "event_source": "deltadefi"}
2026-03-26 02:28:43,443 - 804034 - hummingbot.connector.client_order_tracker - INFO - Successfully canceled order hbot-deltadefiSIGUM64ddd61919e31561b7633e64150a0b7ccdf6cfb33d14d.
2026-03-26 02:28:43,662 - 804034 - hummingbot.core.event.event_reporter - EVENT_LOG - {"timestamp": 1774463323.0, "order_id": "hbot-deltadefiBIGUM64ddd61919e90561b7633e64150a0b7ccdf6cfb33d14d", "exchange_order_id": "d5e4899a-7588-4ea1-99f0-391b0f3b0aeb", "event_name": "OrderCancelledEvent", "event_source": "deltadefi"}
2026-03-26 02:28:43,662 - 804034 - hummingbot.connector.client_order_tracker - INFO - Successfully canceled order hbot-deltadefiBIGUM64ddd61919e90561b7633e64150a0b7ccdf6cfb33d14d.
2026-03-26 02:28:45,364 - 804034 - hummingbot.connector.client_order_tracker - INFO - Created LIMIT SELL order hbot-deltadefiSIGUM64ddd702759c9c84e8590a01b52dee2cdcdd5702a3c3e for 2156.591 IAG-USDM at 0.27120.
2026-03-26 02:28:45,387 - 804034 - hummingbot.core.event.event_reporter - EVENT_LOG - {"timestamp": 1774463325.0, "type": "OrderType.LIMIT", "trading_pair": "IAG-USDM", "amount": "2156.591", "price": "0.27120", "order_id": "hbot-deltadefiSIGUM64ddd702759c9c84e8590a01b52dee2cdcdd5702a3c3e", "creation_timestamp": 1774463325.0, "exchange_order_id": "5b3cde5a-2e7b-46c1-83af-dac2f1e8ac06", "leverage": 1, "position": "NIL", "event_name": "SellOrderCreatedEvent", "event_source": "deltadefi"}
2026-03-26 02:28:45,473 - 804034 - hummingbot.connector.client_order_tracker - INFO - Created LIMIT BUY order hbot-deltadefiBIGUM64ddd70275a3dc84e8590a01b52dee2cdcdd5702a3c3e for 2173.913 IAG-USDM at 0.26900.
2026-03-26 02:28:45,487 - 804034 - hummingbot.core.event.event_reporter - EVENT_LOG - {"timestamp": 1774463325.0, "type": "OrderType.LIMIT", "trading_pair": "IAG-USDM", "amount": "2173.913", "price": "0.26900", "order_id": "hbot-deltadefiBIGUM64ddd70275a3dc84e8590a01b52dee2cdcdd5702a3c3e", "creation_timestamp": 1774463325.0, "exchange_order_id": "dc7c62b5-1981-4894-86e6-92ab827fffff", "leverage": 1, "position": "NIL", "event_name": "BuyOrderCreatedEvent", "event_source": "deltadefi"}
2026-03-26 02:44:58,010 - 804034 - hummingbot.connector.exchange.deltadefi.deltadefi_api_order_book_data_source.DeltaDefiAPIOrderBookDataSource - WARNING - The websocket connection was closed (The WS connection was closed unexpectedly. Close code = 1006 msg data: None)
2026-03-26 02:44:58,080 - 804034 - hummingbot.connector.exchange.deltadefi.deltadefi_api_order_book_data_source.DeltaDefiAPIOrderBookDataSource - INFO - Connected to market depth stream (auto-subscribed)
2026-03-26 03:49:37,131 - 804034 - hummingbot.connector.exchange.deltadefi.deltadefi_api_user_stream_data_source.DeltaDefiAPIUserStreamDataSource - WARNING - The websocket connection was closed (The WS connection was closed unexpectedly. Close code = 1006 msg data: None)
2026-03-26 03:49:37,193 - 804034 - hummingbot.connector.exchange.deltadefi.deltadefi_api_user_stream_data_source.DeltaDefiAPIUserStreamDataSource - INFO - Connected to private account stream (auto-subscribed)
2026-03-26 04:00:00,114 - 804034 - hummingbot.connector.exchange.deltadefi.deltadefi_api_order_book_data_source.DeltaDefiAPIOrderBookDataSource - ERROR - Unexpected error in trades listener. Reconnecting...
Traceback (most recent call last):
  File "/home/yanyuk_tom/iag-staging-hummingbot/hummingbot/connector/exchange/deltadefi/deltadefi_api_order_book_data_source.py", line 210, in listen_for_trades
    async for ws_response in trades_ws.iter_messages():
    ...<2 lines>...
            await self._parse_trade_message(msg, output)
  File "/home/yanyuk_tom/iag-staging-hummingbot/hummingbot/core/web_assistant/ws_assistant.py", line 71, in iter_messages
    response = await self._connection.receive()
               ^^^^^^^^^^^^^^^^^^^^^^^^^^^^^^^^
  File "/home/yanyuk_tom/iag-staging-hummingbot/hummingbot/core/web_assistant/connections/ws_connection.py", line 67, in receive
    msg = await self._process_message(msg)
          ^^^^^^^^^^^^^^^^^^^^^^^^^^^^^^^^
  File "/home/yanyuk_tom/iag-staging-hummingbot/hummingbot/core/web_assistant/connections/ws_connection.py", line 89, in _process_message
    msg = await self._check_msg_types(msg)
          ^^^^^^^^^^^^^^^^^^^^^^^^^^^^^^^^
  File "/home/yanyuk_tom/iag-staging-hummingbot/hummingbot/core/web_assistant/connections/ws_connection.py", line 95, in _check_msg_types
    msg = await self._check_msg_closed_type(msg)
          ^^^^^^^^^^^^^^^^^^^^^^^^^^^^^^^^^^^^^^
  File "/home/yanyuk_tom/iag-staging-hummingbot/hummingbot/core/web_assistant/connections/ws_connection.py", line 115, in _check_msg_closed_type
    raise ConnectionError(
        f"The WS connection was closed unexpectedly. Close code = {close_code} msg data: {msg.data}"
    )
ConnectionError: The WS connection was closed unexpectedly. Close code = 1006 msg data: None
2026-03-26 04:00:05,175 - 804034 - hummingbot.connector.exchange.deltadefi.deltadefi_api_order_book_data_source.DeltaDefiAPIOrderBookDataSource - INFO - Connected to market trades stream
2026-03-26 04:32:03,011 - 804034 - hummingbot.connector.client_order_tracker - INFO - The BUY order hbot-deltadefiBIGUM64ddd70275a3dc84e8590a01b52dee2cdcdd5702a3c3e amounting to 2173.913/2173.913 IAG has been filled at 0.26900 USDM.
2026-03-26 04:32:03,021 - 804034 - hummingbot.strategy.strategy_v2_base - INFO - CL-AMM BUY 2173.9130 @ 0.269000 | P&L: -227.8538 | pool: 0.268201 | range: [0.256744, 0.285357] [clock=2026-03-25 20:32:03+00:00]
2026-03-26 04:32:03,046 - 804034 - hummingbot.core.event.event_reporter - EVENT_LOG - {"timestamp": 1774470723.0, "order_id": "hbot-deltadefiBIGUM64ddd70275a3dc84e8590a01b52dee2cdcdd5702a3c3e", "trading_pair": "IAG-USDM", "trade_type": "TradeType.BUY", "order_type": "OrderType.LIMIT", "price": "0.26900", "amount": "2173.913", "trade_fee": {"percent": "0", "percent_token": "IAG", "flat_fees": [{"token": "IAG", "amount": "2.173913"}]}, "exchange_trade_id": "3be316c2-36f0-49f6-a1d3-0c09b08babad", "exchange_order_id": "dc7c62b5-1981-4894-86e6-92ab827fffff", "leverage": 1, "position": "NIL", "event_name": "OrderFilledEvent", "event_source": "deltadefi"}
2026-03-26 04:32:03,087 - 804034 - hummingbot.core.event.event_reporter - EVENT_LOG - {"timestamp": 1774470723.0, "order_id": "hbot-deltadefiBIGUM64ddd70275a3dc84e8590a01b52dee2cdcdd5702a3c3e", "base_asset": "IAG", "quote_asset": "USDM", "base_asset_amount": "2173.913", "quote_asset_amount": "584.782597", "order_type": "OrderType.LIMIT", "exchange_order_id": "dc7c62b5-1981-4894-86e6-92ab827fffff", "event_name": "BuyOrderCompletedEvent", "event_source": "deltadefi"}
2026-03-26 04:32:03,087 - 804034 - hummingbot.connector.client_order_tracker - INFO - BUY order hbot-deltadefiBIGUM64ddd70275a3dc84e8590a01b52dee2cdcdd5702a3c3e completely filled.
2026-03-26 04:32:03,129 - 804034 - hummingbot.core.event.event_reporter - EVENT_LOG - {"timestamp": 1774470723.0, "order_id": "hbot-deltadefiSIGUM64ddd702759c9c84e8590a01b52dee2cdcdd5702a3c3e", "exchange_order_id": "5b3cde5a-2e7b-46c1-83af-dac2f1e8ac06", "event_name": "OrderCancelledEvent", "event_source": "deltadefi"}
2026-03-26 04:32:03,129 - 804034 - hummingbot.connector.client_order_tracker - INFO - Successfully canceled order hbot-deltadefiSIGUM64ddd702759c9c84e8590a01b52dee2cdcdd5702a3c3e.
2026-03-26 04:32:03,700 - 804034 - hummingbot.connector.client_order_tracker - INFO - Created LIMIT BUY order hbot-deltadefiBIGUM64ddf291da461c84e8590a01b52dee2cdcdd5702a3c3e for 2182.401 IAG-USDM at 0.26720.
2026-03-26 04:32:03,715 - 804034 - hummingbot.core.event.event_reporter - EVENT_LOG - {"timestamp": 1774470723.0, "type": "OrderType.LIMIT", "trading_pair": "IAG-USDM", "amount": "2182.401", "price": "0.26720", "order_id": "hbot-deltadefiBIGUM64ddf291da461c84e8590a01b52dee2cdcdd5702a3c3e", "creation_timestamp": 1774470723.0, "exchange_order_id": "c536e2d9-952e-4f8c-88a0-1060aecc9111", "leverage": 1, "position": "NIL", "event_name": "BuyOrderCreatedEvent", "event_source": "deltadefi"}
2026-03-26 04:32:03,733 - 804034 - hummingbot.connector.client_order_tracker - INFO - Created LIMIT SELL order hbot-deltadefiSIGUM64ddf291d9d18c84e8590a01b52dee2cdcdd5702a3c3e for 2162.833 IAG-USDM at 0.26960.
2026-03-26 04:32:03,746 - 804034 - hummingbot.core.event.event_reporter - EVENT_LOG - {"timestamp": 1774470723.0, "type": "OrderType.LIMIT", "trading_pair": "IAG-USDM", "amount": "2162.833", "price": "0.26960", "order_id": "hbot-deltadefiSIGUM64ddf291d9d18c84e8590a01b52dee2cdcdd5702a3c3e", "creation_timestamp": 1774470723.0, "exchange_order_id": "ad5d242c-8fb7-48db-9fbb-391318713c0d", "leverage": 1, "position": "NIL", "event_name": "SellOrderCreatedEvent", "event_source": "deltadefi"}
2026-03-26 06:41:56,969 - 804034 - hummingbot.connector.client_order_tracker - INFO - The SELL order hbot-deltadefiSIGUM64ddf291d9d18c84e8590a01b52dee2cdcdd5702a3c3e amounting to 2162.833/2162.833 IAG has been filled at 0.26960 USDM.
2026-03-26 06:41:56,971 - 804034 - hummingbot.strategy.strategy_v2_base - INFO - CL-AMM SELL 2162.8330 @ 0.269600 | P&L: -367.4436 | pool: 0.269731 | range: [0.256744, 0.285357] [clock=2026-03-25 22:41:56+00:00]
2026-03-26 06:41:56,989 - 804034 - hummingbot.core.event.event_reporter - EVENT_LOG - {"timestamp": 1774478516.0, "order_id": "hbot-deltadefiSIGUM64ddf291d9d18c84e8590a01b52dee2cdcdd5702a3c3e", "trading_pair": "IAG-USDM", "trade_type": "TradeType.SELL", "order_type": "OrderType.LIMIT", "price": "0.26960", "amount": "2162.833", "trade_fee": {"percent": "0", "percent_token": "USDM", "flat_fees": [{"token": "USDM", "amount": "0.583099"}]}, "exchange_trade_id": "6b9309ee-2990-44f4-96ad-4d8f3858e13c", "exchange_order_id": "ad5d242c-8fb7-48db-9fbb-391318713c0d", "leverage": 1, "position": "NIL", "event_name": "OrderFilledEvent", "event_source": "deltadefi"}
2026-03-26 06:41:57,019 - 804034 - hummingbot.core.event.event_reporter - EVENT_LOG - {"timestamp": 1774478516.0, "order_id": "hbot-deltadefiSIGUM64ddf291d9d18c84e8590a01b52dee2cdcdd5702a3c3e", "base_asset": "IAG", "quote_asset": "USDM", "base_asset_amount": "2162.833", "quote_asset_amount": "583.099776", "order_type": "OrderType.LIMIT", "exchange_order_id": "ad5d242c-8fb7-48db-9fbb-391318713c0d", "event_name": "SellOrderCompletedEvent", "event_source": "deltadefi"}
2026-03-26 06:41:57,019 - 804034 - hummingbot.connector.client_order_tracker - INFO - SELL order hbot-deltadefiSIGUM64ddf291d9d18c84e8590a01b52dee2cdcdd5702a3c3e completely filled.
2026-03-26 06:41:57,070 - 804034 - hummingbot.core.event.event_reporter - EVENT_LOG - {"timestamp": 1774478517.0, "order_id": "hbot-deltadefiBIGUM64ddf291da461c84e8590a01b52dee2cdcdd5702a3c3e", "exchange_order_id": "c536e2d9-952e-4f8c-88a0-1060aecc9111", "event_name": "OrderCancelledEvent", "event_source": "deltadefi"}
2026-03-26 06:41:57,071 - 804034 - hummingbot.connector.client_order_tracker - INFO - Successfully canceled order hbot-deltadefiBIGUM64ddf291da461c84e8590a01b52dee2cdcdd5702a3c3e.
2026-03-26 06:41:57,775 - 804034 - hummingbot.connector.client_order_tracker - INFO - Created LIMIT BUY order hbot-deltadefiBIGUM64de0f9aba6a2c84e8590a01b52dee2cdcdd5702a3c3e for 2180.203 IAG-USDM at 0.26850.
2026-03-26 06:41:57,786 - 804034 - hummingbot.core.event.event_reporter - EVENT_LOG - {"timestamp": 1774478517.0, "type": "OrderType.LIMIT", "trading_pair": "IAG-USDM", "amount": "2180.203", "price": "0.26850", "order_id": "hbot-deltadefiBIGUM64de0f9aba6a2c84e8590a01b52dee2cdcdd5702a3c3e", "creation_timestamp": 1774478517.0, "exchange_order_id": "b368a882-a7a8-424d-aed5-e3600fbc1fe9", "leverage": 1, "position": "NIL", "event_name": "BuyOrderCreatedEvent", "event_source": "deltadefi"}
2026-03-26 06:41:57,811 - 804034 - hummingbot.connector.client_order_tracker - INFO - Created LIMIT SELL order hbot-deltadefiSIGUM64de0f9aba559c84e8590a01b52dee2cdcdd5702a3c3e for 2160.679 IAG-USDM at 0.27090.
2026-03-26 06:41:57,824 - 804034 - hummingbot.core.event.event_reporter - EVENT_LOG - {"timestamp": 1774478517.0, "type": "OrderType.LIMIT", "trading_pair": "IAG-USDM", "amount": "2160.679", "price": "0.27090", "order_id": "hbot-deltadefiSIGUM64de0f9aba559c84e8590a01b52dee2cdcdd5702a3c3e", "creation_timestamp": 1774478517.0, "exchange_order_id": "0f036e8f-d883-47a0-960a-cc44280a35c3", "leverage": 1, "position": "NIL", "event_name": "SellOrderCreatedEvent", "event_source": "deltadefi"}
2026-03-26 10:17:52,519 - 804034 - hummingbot.connector.client_order_tracker - INFO - The BUY order hbot-deltadefiBIGUM64de0f9aba6a2c84e8590a01b52dee2cdcdd5702a3c3e amounting to 2180.203/2180.203 IAG has been filled at 0.26850 USDM.
2026-03-26 10:17:52,521 - 804034 - hummingbot.strategy.strategy_v2_base - INFO - CL-AMM BUY 2180.2030 @ 0.268500 | P&L: -258.9092 | pool: 0.268189 | range: [0.256744, 0.285357] [clock=2026-03-26 02:17:52+00:00]
2026-03-26 10:17:52,540 - 804034 - hummingbot.core.event.event_reporter - EVENT_LOG - {"timestamp": 1774491472.0, "order_id": "hbot-deltadefiBIGUM64de0f9aba6a2c84e8590a01b52dee2cdcdd5702a3c3e", "trading_pair": "IAG-USDM", "trade_type": "TradeType.BUY", "order_type": "OrderType.LIMIT", "price": "0.26850", "amount": "2180.203", "trade_fee": {"percent": "0", "percent_token": "IAG", "flat_fees": [{"token": "IAG", "amount": "2.180202"}]}, "exchange_trade_id": "8e6a4ac7-3a74-4b32-81b1-ce8930ef803c", "exchange_order_id": "b368a882-a7a8-424d-aed5-e3600fbc1fe9", "leverage": 1, "position": "NIL", "event_name": "OrderFilledEvent", "event_source": "deltadefi"}
2026-03-26 10:17:52,579 - 804034 - hummingbot.core.event.event_reporter - EVENT_LOG - {"timestamp": 1774491472.0, "order_id": "hbot-deltadefiBIGUM64de0f9aba6a2c84e8590a01b52dee2cdcdd5702a3c3e", "base_asset": "IAG", "quote_asset": "USDM", "base_asset_amount": "2180.203", "quote_asset_amount": "585.384505", "order_type": "OrderType.LIMIT", "exchange_order_id": "b368a882-a7a8-424d-aed5-e3600fbc1fe9", "event_name": "BuyOrderCompletedEvent", "event_source": "deltadefi"}
2026-03-26 10:17:52,580 - 804034 - hummingbot.connector.client_order_tracker - INFO - BUY order hbot-deltadefiBIGUM64de0f9aba6a2c84e8590a01b52dee2cdcdd5702a3c3e completely filled.
2026-03-26 10:17:52,626 - 804034 - hummingbot.core.event.event_reporter - EVENT_LOG - {"timestamp": 1774491472.0, "order_id": "hbot-deltadefiSIGUM64de0f9aba559c84e8590a01b52dee2cdcdd5702a3c3e", "exchange_order_id": "0f036e8f-d883-47a0-960a-cc44280a35c3", "event_name": "OrderCancelledEvent", "event_source": "deltadefi"}
2026-03-26 10:17:52,626 - 804034 - hummingbot.connector.client_order_tracker - INFO - Successfully canceled order hbot-deltadefiSIGUM64de0f9aba559c84e8590a01b52dee2cdcdd5702a3c3e.
2026-03-26 10:17:53,216 - 804034 - hummingbot.connector.client_order_tracker - INFO - Created LIMIT SELL order hbot-deltadefiSIGUM64de3fde1cd85c84e8590a01b52dee2cdcdd5702a3c3e for 2164.886 IAG-USDM at 0.26940.
2026-03-26 10:17:53,231 - 804034 - hummingbot.core.event.event_reporter - EVENT_LOG - {"timestamp": 1774491473.0, "type": "OrderType.LIMIT", "trading_pair": "IAG-USDM", "amount": "2164.886", "price": "0.26940", "order_id": "hbot-deltadefiSIGUM64de3fde1cd85c84e8590a01b52dee2cdcdd5702a3c3e", "creation_timestamp": 1774491472.0, "exchange_order_id": "250f632b-d677-41bd-bd7d-90fb949bd053", "leverage": 1, "position": "NIL", "event_name": "SellOrderCreatedEvent", "event_source": "deltadefi"}
2026-03-26 10:17:53,259 - 804034 - hummingbot.connector.client_order_tracker - INFO - Created LIMIT BUY order hbot-deltadefiBIGUM64de3fde1cecac84e8590a01b52dee2cdcdd5702a3c3e for 2184.472 IAG-USDM at 0.26700.
2026-03-26 10:17:53,277 - 804034 - hummingbot.core.event.event_reporter - EVENT_LOG - {"timestamp": 1774491473.0, "type": "OrderType.LIMIT", "trading_pair": "IAG-USDM", "amount": "2184.472", "price": "0.26700", "order_id": "hbot-deltadefiBIGUM64de3fde1cecac84e8590a01b52dee2cdcdd5702a3c3e", "creation_timestamp": 1774491472.0, "exchange_order_id": "f80c7f94-864d-48d8-b64d-6ab8ec056479", "leverage": 1, "position": "NIL", "event_name": "BuyOrderCreatedEvent", "event_source": "deltadefi"}
2026-03-26 11:26:57,954 - 804034 - hummingbot.connector.client_order_tracker - INFO - The BUY order hbot-deltadefiBIGUM64de3fde1cecac84e8590a01b52dee2cdcdd5702a3c3e amounting to 2184.472/2184.472 IAG has been filled at 0.26700 USDM.
2026-03-26 11:26:57,955 - 804034 - hummingbot.strategy.strategy_v2_base - INFO - CL-AMM BUY 2184.4720 @ 0.267000 | P&L: -381.7715 | pool: 0.266657 | range: [0.256744, 0.285357] [clock=2026-03-26 03:26:57+00:00]
2026-03-26 11:26:57,971 - 804034 - hummingbot.core.event.event_reporter - EVENT_LOG - {"timestamp": 1774495617.0, "order_id": "hbot-deltadefiBIGUM64de3fde1cecac84e8590a01b52dee2cdcdd5702a3c3e", "trading_pair": "IAG-USDM", "trade_type": "TradeType.BUY", "order_type": "OrderType.LIMIT", "price": "0.26700", "amount": "2184.472", "trade_fee": {"percent": "0", "percent_token": "IAG", "flat_fees": [{"token": "IAG", "amount": "2.184472"}]}, "exchange_trade_id": "0dd44785-547d-4e18-b212-e0080d29478b", "exchange_order_id": "f80c7f94-864d-48d8-b64d-6ab8ec056479", "leverage": 1, "position": "NIL", "event_name": "OrderFilledEvent", "event_source": "deltadefi"}
2026-03-26 11:26:58,002 - 804034 - hummingbot.core.event.event_reporter - EVENT_LOG - {"timestamp": 1774495617.0, "order_id": "hbot-deltadefiBIGUM64de3fde1cecac84e8590a01b52dee2cdcdd5702a3c3e", "base_asset": "IAG", "quote_asset": "USDM", "base_asset_amount": "2184.472", "quote_asset_amount": "583.254024", "order_type": "OrderType.LIMIT", "exchange_order_id": "f80c7f94-864d-48d8-b64d-6ab8ec056479", "event_name": "BuyOrderCompletedEvent", "event_source": "deltadefi"}
2026-03-26 11:26:58,002 - 804034 - hummingbot.connector.client_order_tracker - INFO - BUY order hbot-deltadefiBIGUM64de3fde1cecac84e8590a01b52dee2cdcdd5702a3c3e completely filled.
2026-03-26 11:26:58,063 - 804034 - hummingbot.core.event.event_reporter - EVENT_LOG - {"timestamp": 1774495618.0, "order_id": "hbot-deltadefiSIGUM64de3fde1cd85c84e8590a01b52dee2cdcdd5702a3c3e", "exchange_order_id": "250f632b-d677-41bd-bd7d-90fb949bd053", "event_name": "OrderCancelledEvent", "event_source": "deltadefi"}
2026-03-26 11:26:58,063 - 804034 - hummingbot.connector.client_order_tracker - INFO - Successfully canceled order hbot-deltadefiSIGUM64de3fde1cd85c84e8590a01b52dee2cdcdd5702a3c3e.
2026-03-26 11:26:58,711 - 804034 - hummingbot.connector.client_order_tracker - INFO - Created LIMIT BUY order hbot-deltadefiBIGUM64de4f4f82cc7c84e8590a01b52dee2cdcdd5702a3c3e for 2191.091 IAG-USDM at 0.26540.
2026-03-26 11:26:58,721 - 804034 - hummingbot.core.event.event_reporter - EVENT_LOG - {"timestamp": 1774495618.0, "type": "OrderType.LIMIT", "trading_pair": "IAG-USDM", "amount": "2191.091", "price": "0.26540", "order_id": "hbot-deltadefiBIGUM64de4f4f82cc7c84e8590a01b52dee2cdcdd5702a3c3e", "creation_timestamp": 1774495618.0, "exchange_order_id": "e3b02ea2-e04a-4ba3-a6fc-eaf4f93c6dfb", "leverage": 1, "position": "NIL", "event_name": "BuyOrderCreatedEvent", "event_source": "deltadefi"}
2026-03-26 11:26:58,761 - 804034 - hummingbot.connector.client_order_tracker - INFO - Created LIMIT SELL order hbot-deltadefiSIGUM64de4f4f82ba5c84e8590a01b52dee2cdcdd5702a3c3e for 2171.441 IAG-USDM at 0.26780.
2026-03-26 11:26:58,772 - 804034 - hummingbot.core.event.event_reporter - EVENT_LOG - {"timestamp": 1774495618.0, "type": "OrderType.LIMIT", "trading_pair": "IAG-USDM", "amount": "2171.441", "price": "0.26780", "order_id": "hbot-deltadefiSIGUM64de4f4f82ba5c84e8590a01b52dee2cdcdd5702a3c3e", "creation_timestamp": 1774495618.0, "exchange_order_id": "2ed00990-836e-4928-a9b3-06bd4c15927e", "leverage": 1, "position": "NIL", "event_name": "SellOrderCreatedEvent", "event_source": "deltadefi"}
2026-03-26 11:26:59,036 - 804034 - hummingbot.connector.exchange.deltadefi.deltadefi_exchange.DeltadefiExchange - NETWORK - Error in batch cancel-all.
Traceback (most recent call last):
  File "/home/yanyuk_tom/iag-staging-hummingbot/hummingbot/connector/exchange/deltadefi/deltadefi_exchange.py", line 707, in cancel_all
    await self._api_request(
    ...<5 lines>...
    )
  File "/home/yanyuk_tom/iag-staging-hummingbot/hummingbot/connector/exchange/deltadefi/deltadefi_exchange.py", line 630, in _api_request
    return await super()._api_request(path_url=path_url, **kwargs)
           ^^^^^^^^^^^^^^^^^^^^^^^^^^^^^^^^^^^^^^^^^^^^^^^^^^^^^^^
  File "/home/yanyuk_tom/iag-staging-hummingbot/hummingbot/connector/exchange_py_base.py", line 937, in _api_request
    request_result = await rest_assistant.execute_request(
                     ^^^^^^^^^^^^^^^^^^^^^^^^^^^^^^^^^^^^^
    ...<8 lines>...
    )
    ^
  File "/home/yanyuk_tom/iag-staging-hummingbot/hummingbot/core/web_assistant/rest_assistant.py", line 48, in execute_request
    response = await self.execute_request_and_get_response(
               ^^^^^^^^^^^^^^^^^^^^^^^^^^^^^^^^^^^^^^^^^^^^
    ...<9 lines>...
    )
    ^
  File "/home/yanyuk_tom/iag-staging-hummingbot/hummingbot/core/web_assistant/rest_assistant.py", line 101, in execute_request_and_get_response
    raise IOError(f"Error executing request {method.name} {url}. HTTP status is {response.status}. "
                  f"Error: {error_text}")
OSError: Error executing request POST https://api-staging.deltadefi.io/order/cancel-all. HTTP status is 400. Error: {"error":"Order not found","code":4200}
2026-03-26 13:06:42,947 - 804034 - hummingbot.connector.client_order_tracker - INFO - The BUY order hbot-deltadefiBIGUM64de4f4f82cc7c84e8590a01b52dee2cdcdd5702a3c3e amounting to 2191.091/2191.091 IAG has been filled at 0.26540 USDM.
2026-03-26 13:06:42,949 - 804034 - hummingbot.strategy.strategy_v2_base - INFO - CL-AMM BUY 2191.0910 @ 0.265400 | P&L: -516.4865 | pool: 0.265134 | range: [0.256744, 0.285357] [clock=2026-03-26 05:06:42+00:00]
2026-03-26 13:06:42,964 - 804034 - hummingbot.core.event.event_reporter - EVENT_LOG - {"timestamp": 1774501602.0, "order_id": "hbot-deltadefiBIGUM64de4f4f82cc7c84e8590a01b52dee2cdcdd5702a3c3e", "trading_pair": "IAG-USDM", "trade_type": "TradeType.BUY", "order_type": "OrderType.LIMIT", "price": "0.26540", "amount": "2191.091", "trade_fee": {"percent": "0", "percent_token": "IAG", "flat_fees": [{"token": "IAG", "amount": "2.19109"}]}, "exchange_trade_id": "6ab595a2-c76e-4d46-90c7-8f072cbcc478", "exchange_order_id": "e3b02ea2-e04a-4ba3-a6fc-eaf4f93c6dfb", "leverage": 1, "position": "NIL", "event_name": "OrderFilledEvent", "event_source": "deltadefi"}
2026-03-26 13:06:43,012 - 804034 - hummingbot.core.event.event_reporter - EVENT_LOG - {"timestamp": 1774501602.0, "order_id": "hbot-deltadefiBIGUM64de4f4f82cc7c84e8590a01b52dee2cdcdd5702a3c3e", "base_asset": "IAG", "quote_asset": "USDM", "base_asset_amount": "2191.091", "quote_asset_amount": "581.515551", "order_type": "OrderType.LIMIT", "exchange_order_id": "e3b02ea2-e04a-4ba3-a6fc-eaf4f93c6dfb", "event_name": "BuyOrderCompletedEvent", "event_source": "deltadefi"}
2026-03-26 13:06:43,012 - 804034 - hummingbot.connector.client_order_tracker - INFO - BUY order hbot-deltadefiBIGUM64de4f4f82cc7c84e8590a01b52dee2cdcdd5702a3c3e completely filled.
2026-03-26 13:06:43,068 - 804034 - hummingbot.core.event.event_reporter - EVENT_LOG - {"timestamp": 1774501603.0, "order_id": "hbot-deltadefiSIGUM64de4f4f82ba5c84e8590a01b52dee2cdcdd5702a3c3e", "exchange_order_id": "2ed00990-836e-4928-a9b3-06bd4c15927e", "event_name": "OrderCancelledEvent", "event_source": "deltadefi"}
2026-03-26 13:06:43,068 - 804034 - hummingbot.connector.client_order_tracker - INFO - Successfully canceled order hbot-deltadefiSIGUM64de4f4f82ba5c84e8590a01b52dee2cdcdd5702a3c3e.
2026-03-26 13:06:43,856 - 804034 - hummingbot.connector.client_order_tracker - INFO - Created LIMIT BUY order hbot-deltadefiBIGUM64de659b3fd43c84e8590a01b52dee2cdcdd5702a3c3e for 2191.757 IAG-USDM at 0.26430.
2026-03-26 13:06:43,865 - 804034 - hummingbot.core.event.event_reporter - EVENT_LOG - {"timestamp": 1774501603.0, "type": "OrderType.LIMIT", "trading_pair": "IAG-USDM", "amount": "2191.757", "price": "0.26430", "order_id": "hbot-deltadefiBIGUM64de659b3fd43c84e8590a01b52dee2cdcdd5702a3c3e", "creation_timestamp": 1774501603.0, "exchange_order_id": "d158fe9d-4fe3-4c35-a339-08fd7acff3cf", "leverage": 1, "position": "NIL", "event_name": "BuyOrderCreatedEvent", "event_source": "deltadefi"}
2026-03-26 13:06:43,879 - 804034 - hummingbot.connector.client_order_tracker - INFO - Created LIMIT SELL order hbot-deltadefiSIGUM64de659b3fb4bc84e8590a01b52dee2cdcdd5702a3c3e for 2172.096 IAG-USDM at 0.26670.
2026-03-26 13:06:43,895 - 804034 - hummingbot.core.event.event_reporter - EVENT_LOG - {"timestamp": 1774501603.0, "type": "OrderType.LIMIT", "trading_pair": "IAG-USDM", "amount": "2172.096", "price": "0.26670", "order_id": "hbot-deltadefiSIGUM64de659b3fb4bc84e8590a01b52dee2cdcdd5702a3c3e", "creation_timestamp": 1774501603.0, "exchange_order_id": "b45fb5fe-50ed-401c-89de-8da7bf824d8d", "leverage": 1, "position": "NIL", "event_name": "SellOrderCreatedEvent", "event_source": "deltadefi"}
2026-03-26 13:44:42,788 - 804034 - hummingbot.connector.client_order_tracker - INFO - The BUY order hbot-deltadefiBIGUM64de659b3fd43c84e8590a01b52dee2cdcdd5702a3c3e amounting to 2191.757/2191.757 IAG has been filled at 0.26430 USDM.
2026-03-26 13:44:42,791 - 804034 - hummingbot.strategy.strategy_v2_base - INFO - CL-AMM BUY 2191.7570 @ 0.264300 | P&L: -628.7355 | pool: 0.263623 | range: [0.256744, 0.285357] [clock=2026-03-26 05:44:42+00:00]
2026-03-26 13:44:42,808 - 804034 - hummingbot.core.event.event_reporter - EVENT_LOG - {"timestamp": 1774503882.0, "order_id": "hbot-deltadefiBIGUM64de659b3fd43c84e8590a01b52dee2cdcdd5702a3c3e", "trading_pair": "IAG-USDM", "trade_type": "TradeType.BUY", "order_type": "OrderType.LIMIT", "price": "0.26430", "amount": "2191.757", "trade_fee": {"percent": "0", "percent_token": "IAG", "flat_fees": [{"token": "IAG", "amount": "2.191756"}]}, "exchange_trade_id": "8ba7e7b5-2094-4755-a476-9172d14137f1", "exchange_order_id": "d158fe9d-4fe3-4c35-a339-08fd7acff3cf", "leverage": 1, "position": "NIL", "event_name": "OrderFilledEvent", "event_source": "deltadefi"}
2026-03-26 13:44:42,836 - 804034 - hummingbot.core.event.event_reporter - EVENT_LOG - {"timestamp": 1774503882.0, "order_id": "hbot-deltadefiBIGUM64de659b3fd43c84e8590a01b52dee2cdcdd5702a3c3e", "base_asset": "IAG", "quote_asset": "USDM", "base_asset_amount": "2191.757", "quote_asset_amount": "579.281375", "order_type": "OrderType.LIMIT", "exchange_order_id": "d158fe9d-4fe3-4c35-a339-08fd7acff3cf", "event_name": "BuyOrderCompletedEvent", "event_source": "deltadefi"}
2026-03-26 13:44:42,837 - 804034 - hummingbot.connector.client_order_tracker - INFO - BUY order hbot-deltadefiBIGUM64de659b3fd43c84e8590a01b52dee2cdcdd5702a3c3e completely filled.
2026-03-26 13:44:42,899 - 804034 - hummingbot.core.event.event_reporter - EVENT_LOG - {"timestamp": 1774503882.0, "order_id": "hbot-deltadefiSIGUM64de659b3fb4bc84e8590a01b52dee2cdcdd5702a3c3e", "exchange_order_id": "b45fb5fe-50ed-401c-89de-8da7bf824d8d", "event_name": "OrderCancelledEvent", "event_source": "deltadefi"}
2026-03-26 13:44:42,899 - 804034 - hummingbot.connector.client_order_tracker - INFO - Successfully canceled order hbot-deltadefiSIGUM64de659b3fb4bc84e8590a01b52dee2cdcdd5702a3c3e.
2026-03-26 13:44:44,324 - 804034 - hummingbot.connector.client_order_tracker - INFO - Created LIMIT SELL order hbot-deltadefiSIGUM64de6e197895ec84e8590a01b52dee2cdcdd5702a3c3e for 2173.013 IAG-USDM at 0.26550.
2026-03-26 13:44:44,339 - 804034 - hummingbot.core.event.event_reporter - EVENT_LOG - {"timestamp": 1774503884.0, "type": "OrderType.LIMIT", "trading_pair": "IAG-USDM", "amount": "2173.013", "price": "0.26550", "order_id": "hbot-deltadefiSIGUM64de6e197895ec84e8590a01b52dee2cdcdd5702a3c3e", "creation_timestamp": 1774503882.0, "exchange_order_id": "dff975d4-1793-4478-8c04-23401402c90c", "leverage": 1, "position": "NIL", "event_name": "SellOrderCreatedEvent", "event_source": "deltadefi"}
2026-03-26 13:44:44,378 - 804034 - hummingbot.connector.client_order_tracker - INFO - Created LIMIT BUY order hbot-deltadefiBIGUM64de6e1978aa5c84e8590a01b52dee2cdcdd5702a3c3e for 2192.686 IAG-USDM at 0.26310.
2026-03-26 13:44:44,393 - 804034 - hummingbot.core.event.event_reporter - EVENT_LOG - {"timestamp": 1774503884.0, "type": "OrderType.LIMIT", "trading_pair": "IAG-USDM", "amount": "2192.686", "price": "0.26310", "order_id": "hbot-deltadefiBIGUM64de6e1978aa5c84e8590a01b52dee2cdcdd5702a3c3e", "creation_timestamp": 1774503882.0, "exchange_order_id": "1c6fb4a4-4c11-4f65-87d4-df6cd99624d1", "leverage": 1, "position": "NIL", "event_name": "BuyOrderCreatedEvent", "event_source": "deltadefi"}
2026-03-26 13:53:55,997 - 804034 - hummingbot.connector.client_order_tracker - INFO - The BUY order hbot-deltadefiBIGUM64de6e1978aa5c84e8590a01b52dee2cdcdd5702a3c3e amounting to 2192.686/2192.686 IAG has been filled at 0.26310 USDM.
2026-03-26 13:53:55,997 - 804034 - hummingbot.strategy.strategy_v2_base - INFO - CL-AMM BUY 2192.6860 @ 0.263100 | P&L: -753.2937 | pool: 0.262124 | range: [0.256744, 0.285357] [clock=2026-03-26 05:53:55+00:00]
2026-03-26 13:53:56,014 - 804034 - hummingbot.core.event.event_reporter - EVENT_LOG - {"timestamp": 1774504435.0, "order_id": "hbot-deltadefiBIGUM64de6e1978aa5c84e8590a01b52dee2cdcdd5702a3c3e", "trading_pair": "IAG-USDM", "trade_type": "TradeType.BUY", "order_type": "OrderType.LIMIT", "price": "0.26310", "amount": "2192.686", "trade_fee": {"percent": "0", "percent_token": "IAG", "flat_fees": [{"token": "IAG", "amount": "2.192685"}]}, "exchange_trade_id": "95859e88-6d9c-4982-8994-e540d097f5f0", "exchange_order_id": "1c6fb4a4-4c11-4f65-87d4-df6cd99624d1", "leverage": 1, "position": "NIL", "event_name": "OrderFilledEvent", "event_source": "deltadefi"}
2026-03-26 13:53:56,041 - 804034 - hummingbot.core.event.event_reporter - EVENT_LOG - {"timestamp": 1774504435.0, "order_id": "hbot-deltadefiBIGUM64de6e1978aa5c84e8590a01b52dee2cdcdd5702a3c3e", "base_asset": "IAG", "quote_asset": "USDM", "base_asset_amount": "2192.686", "quote_asset_amount": "576.895686", "order_type": "OrderType.LIMIT", "exchange_order_id": "1c6fb4a4-4c11-4f65-87d4-df6cd99624d1", "event_name": "BuyOrderCompletedEvent", "event_source": "deltadefi"}
2026-03-26 13:53:56,041 - 804034 - hummingbot.connector.client_order_tracker - INFO - BUY order hbot-deltadefiBIGUM64de6e1978aa5c84e8590a01b52dee2cdcdd5702a3c3e completely filled.
2026-03-26 13:53:56,092 - 804034 - hummingbot.core.event.event_reporter - EVENT_LOG - {"timestamp": 1774504436.0, "order_id": "hbot-deltadefiSIGUM64de6e197895ec84e8590a01b52dee2cdcdd5702a3c3e", "exchange_order_id": "dff975d4-1793-4478-8c04-23401402c90c", "event_name": "OrderCancelledEvent", "event_source": "deltadefi"}
2026-03-26 13:53:56,092 - 804034 - hummingbot.connector.client_order_tracker - INFO - Successfully canceled order hbot-deltadefiSIGUM64de6e197895ec84e8590a01b52dee2cdcdd5702a3c3e.
2026-03-26 13:53:56,782 - 804034 - hummingbot.connector.client_order_tracker - INFO - Created LIMIT BUY order hbot-deltadefiBIGUM64de702909ddec84e8590a01b52dee2cdcdd5702a3c3e for 2193.886 IAG-USDM at 0.26200.
2026-03-26 13:53:56,795 - 804034 - hummingbot.core.event.event_reporter - EVENT_LOG - {"timestamp": 1774504436.0, "type": "OrderType.LIMIT", "trading_pair": "IAG-USDM", "amount": "2193.886", "price": "0.26200", "order_id": "hbot-deltadefiBIGUM64de702909ddec84e8590a01b52dee2cdcdd5702a3c3e", "creation_timestamp": 1774504436.0, "exchange_order_id": "19e59cc0-6503-4017-864e-d914084675cc", "leverage": 1, "position": "NIL", "event_name": "BuyOrderCreatedEvent", "event_source": "deltadefi"}
2026-03-26 13:53:56,817 - 804034 - hummingbot.connector.client_order_tracker - INFO - Created LIMIT SELL order hbot-deltadefiSIGUM64de702909d8bc84e8590a01b52dee2cdcdd5702a3c3e for 2174.197 IAG-USDM at 0.26440.
2026-03-26 13:53:56,830 - 804034 - hummingbot.core.event.event_reporter - EVENT_LOG - {"timestamp": 1774504436.0, "type": "OrderType.LIMIT", "trading_pair": "IAG-USDM", "amount": "2174.197", "price": "0.26440", "order_id": "hbot-deltadefiSIGUM64de702909d8bc84e8590a01b52dee2cdcdd5702a3c3e", "creation_timestamp": 1774504436.0, "exchange_order_id": "dbf340e7-a68b-4c52-ab3b-f1f10e87807c", "leverage": 1, "position": "NIL", "event_name": "SellOrderCreatedEvent", "event_source": "deltadefi"}
2026-03-26 14:26:02,453 - 804034 - hummingbot.connector.client_order_tracker - INFO - The BUY order hbot-deltadefiBIGUM64de702909ddec84e8590a01b52dee2cdcdd5702a3c3e amounting to 2193.886/2193.886 IAG has been filled at 0.26200 USDM.
2026-03-26 14:26:02,455 - 804034 - hummingbot.strategy.strategy_v2_base - INFO - CL-AMM BUY 2193.8860 @ 0.262000 | P&L: -815.3520 | pool: 0.260637 | range: [0.256744, 0.285357] [clock=2026-03-26 06:26:02+00:00]
2026-03-26 14:26:02,470 - 804034 - hummingbot.core.event.event_reporter - EVENT_LOG - {"timestamp": 1774506362.0, "order_id": "hbot-deltadefiBIGUM64de702909ddec84e8590a01b52dee2cdcdd5702a3c3e", "trading_pair": "IAG-USDM", "trade_type": "TradeType.BUY", "order_type": "OrderType.LIMIT", "price": "0.26200", "amount": "2193.886", "trade_fee": {"percent": "0", "percent_token": "IAG", "flat_fees": [{"token": "IAG", "amount": "2.193886"}]}, "exchange_trade_id": "def8e5a3-c7e8-4d8c-8b25-5633944ebd03", "exchange_order_id": "19e59cc0-6503-4017-864e-d914084675cc", "leverage": 1, "position": "NIL", "event_name": "OrderFilledEvent", "event_source": "deltadefi"}
2026-03-26 14:26:02,514 - 804034 - hummingbot.core.event.event_reporter - EVENT_LOG - {"timestamp": 1774506362.0, "order_id": "hbot-deltadefiBIGUM64de702909ddec84e8590a01b52dee2cdcdd5702a3c3e", "base_asset": "IAG", "quote_asset": "USDM", "base_asset_amount": "2193.886", "quote_asset_amount": "574.798132", "order_type": "OrderType.LIMIT", "exchange_order_id": "19e59cc0-6503-4017-864e-d914084675cc", "event_name": "BuyOrderCompletedEvent", "event_source": "deltadefi"}
2026-03-26 14:26:02,514 - 804034 - hummingbot.connector.client_order_tracker - INFO - BUY order hbot-deltadefiBIGUM64de702909ddec84e8590a01b52dee2cdcdd5702a3c3e completely filled.
2026-03-26 14:26:02,565 - 804034 - hummingbot.core.event.event_reporter - EVENT_LOG - {"timestamp": 1774506362.0, "order_id": "hbot-deltadefiSIGUM64de702909d8bc84e8590a01b52dee2cdcdd5702a3c3e", "exchange_order_id": "dbf340e7-a68b-4c52-ab3b-f1f10e87807c", "event_name": "OrderCancelledEvent", "event_source": "deltadefi"}
2026-03-26 14:26:02,565 - 804034 - hummingbot.connector.client_order_tracker - INFO - Successfully canceled order hbot-deltadefiSIGUM64de702909d8bc84e8590a01b52dee2cdcdd5702a3c3e.
2026-03-26 14:26:03,300 - 804034 - hummingbot.connector.client_order_tracker - INFO - Created LIMIT BUY order hbot-deltadefiBIGUM64de775643e1dc84e8590a01b52dee2cdcdd5702a3c3e for 2195.201 IAG-USDM at 0.26080.
2026-03-26 14:26:03,313 - 804034 - hummingbot.core.event.event_reporter - EVENT_LOG - {"timestamp": 1774506363.0, "type": "OrderType.LIMIT", "trading_pair": "IAG-USDM", "amount": "2195.201", "price": "0.26080", "order_id": "hbot-deltadefiBIGUM64de775643e1dc84e8590a01b52dee2cdcdd5702a3c3e", "creation_timestamp": 1774506362.0, "exchange_order_id": "00ffa7c7-8407-4a3c-befa-6f79210ab678", "leverage": 1, "position": "NIL", "event_name": "BuyOrderCreatedEvent", "event_source": "deltadefi"}
2026-03-26 14:26:03,334 - 804034 - hummingbot.connector.client_order_tracker - INFO - Created LIMIT SELL order hbot-deltadefiSIGUM64de775643cb6c84e8590a01b52dee2cdcdd5702a3c3e for 2175.496 IAG-USDM at 0.26320.
2026-03-26 14:26:03,348 - 804034 - hummingbot.core.event.event_reporter - EVENT_LOG - {"timestamp": 1774506363.0, "type": "OrderType.LIMIT", "trading_pair": "IAG-USDM", "amount": "2175.496", "price": "0.26320", "order_id": "hbot-deltadefiSIGUM64de775643cb6c84e8590a01b52dee2cdcdd5702a3c3e", "creation_timestamp": 1774506362.0, "exchange_order_id": "7fb13005-2eb6-401f-b58e-05828ac7388b", "leverage": 1, "position": "NIL", "event_name": "SellOrderCreatedEvent", "event_source": "deltadefi"}
2026-03-26 16:32:12,145 - 804034 - hummingbot.connector.client_order_tracker - INFO - The BUY order hbot-deltadefiBIGUM64de775643e1dc84e8590a01b52dee2cdcdd5702a3c3e amounting to 2195.201/2195.201 IAG has been filled at 0.26080 USDM.
2026-03-26 16:32:12,155 - 804034 - hummingbot.strategy.strategy_v2_base - INFO - CL-AMM BUY 2195.2010 @ 0.260800 | P&L: -926.2494 | pool: 0.259162 | range: [0.256744, 0.285357] [clock=2026-03-26 08:32:12+00:00]
2026-03-26 16:32:12,174 - 804034 - hummingbot.core.event.event_reporter - EVENT_LOG - {"timestamp": 1774513932.0, "order_id": "hbot-deltadefiBIGUM64de775643e1dc84e8590a01b52dee2cdcdd5702a3c3e", "trading_pair": "IAG-USDM", "trade_type": "TradeType.BUY", "order_type": "OrderType.LIMIT", "price": "0.26080", "amount": "2195.201", "trade_fee": {"percent": "0", "percent_token": "IAG", "flat_fees": [{"token": "IAG", "amount": "2.1952"}]}, "exchange_trade_id": "b3ed7790-0f1d-474e-9cba-f46eac64a44d", "exchange_order_id": "00ffa7c7-8407-4a3c-befa-6f79210ab678", "leverage": 1, "position": "NIL", "event_name": "OrderFilledEvent", "event_source": "deltadefi"}
2026-03-26 16:32:12,218 - 804034 - hummingbot.core.event.event_reporter - EVENT_LOG - {"timestamp": 1774513932.0, "order_id": "hbot-deltadefiBIGUM64de775643e1dc84e8590a01b52dee2cdcdd5702a3c3e", "base_asset": "IAG", "quote_asset": "USDM", "base_asset_amount": "2195.201", "quote_asset_amount": "572.50842", "order_type": "OrderType.LIMIT", "exchange_order_id": "00ffa7c7-8407-4a3c-befa-6f79210ab678", "event_name": "BuyOrderCompletedEvent", "event_source": "deltadefi"}
2026-03-26 16:32:12,219 - 804034 - hummingbot.connector.client_order_tracker - INFO - BUY order hbot-deltadefiBIGUM64de775643e1dc84e8590a01b52dee2cdcdd5702a3c3e completely filled.
2026-03-26 16:32:12,283 - 804034 - hummingbot.core.event.event_reporter - EVENT_LOG - {"timestamp": 1774513932.0, "order_id": "hbot-deltadefiSIGUM64de775643cb6c84e8590a01b52dee2cdcdd5702a3c3e", "exchange_order_id": "7fb13005-2eb6-401f-b58e-05828ac7388b", "event_name": "OrderCancelledEvent", "event_source": "deltadefi"}
2026-03-26 16:32:12,283 - 804034 - hummingbot.connector.client_order_tracker - INFO - Successfully canceled order hbot-deltadefiSIGUM64de775643cb6c84e8590a01b52dee2cdcdd5702a3c3e.
2026-03-26 16:32:12,783 - 804034 - hummingbot.connector.client_order_tracker - INFO - Created LIMIT SELL order hbot-deltadefiSIGUM64de93894e9dec84e8590a01b52dee2cdcdd5702a3c3e for 2177.004 IAG-USDM at 0.26200.
2026-03-26 16:32:12,795 - 804034 - hummingbot.core.event.event_reporter - EVENT_LOG - {"timestamp": 1774513932.0, "type": "OrderType.LIMIT", "trading_pair": "IAG-USDM", "amount": "2177.004", "price": "0.26200", "order_id": "hbot-deltadefiSIGUM64de93894e9dec84e8590a01b52dee2cdcdd5702a3c3e", "creation_timestamp": 1774513932.0, "exchange_order_id": "1e8192c4-f565-4725-b844-5807e9a5de27", "leverage": 1, "position": "NIL", "event_name": "SellOrderCreatedEvent", "event_source": "deltadefi"}
2026-03-26 16:32:12,821 - 804034 - hummingbot.connector.client_order_tracker - INFO - Created LIMIT BUY order hbot-deltadefiBIGUM64de93894f4dfc84e8590a01b52dee2cdcdd5702a3c3e for 2196.727 IAG-USDM at 0.25970.
2026-03-26 16:32:12,837 - 804034 - hummingbot.core.event.event_reporter - EVENT_LOG - {"timestamp": 1774513932.0, "type": "OrderType.LIMIT", "trading_pair": "IAG-USDM", "amount": "2196.727", "price": "0.25970", "order_id": "hbot-deltadefiBIGUM64de93894f4dfc84e8590a01b52dee2cdcdd5702a3c3e", "creation_timestamp": 1774513932.0, "exchange_order_id": "b86752a8-0d54-4e4f-aaf7-4ee77b101c82", "leverage": 1, "position": "NIL", "event_name": "BuyOrderCreatedEvent", "event_source": "deltadefi"}
2026-03-26 17:31:21,843 - 804034 - hummingbot.connector.client_order_tracker - INFO - The BUY order hbot-deltadefiBIGUM64de93894f4dfc84e8590a01b52dee2cdcdd5702a3c3e amounting to 2196.727/2196.727 IAG has been filled at 0.25970 USDM.
2026-03-26 17:31:21,859 - 804034 - hummingbot.strategy.strategy_v2_base - INFO - CL-AMM BUY 2196.7270 @ 0.259700 | P&L: -1064.7492 | pool: 0.257699 | range: [0.256744, 0.285357] [clock=2026-03-26 09:31:21+00:00]
2026-03-26 17:31:21,893 - 804034 - hummingbot.core.event.event_reporter - EVENT_LOG - {"timestamp": 1774517481.0, "order_id": "hbot-deltadefiBIGUM64de93894f4dfc84e8590a01b52dee2cdcdd5702a3c3e", "trading_pair": "IAG-USDM", "trade_type": "TradeType.BUY", "order_type": "OrderType.LIMIT", "price": "0.25970", "amount": "2196.727", "trade_fee": {"percent": "0", "percent_token": "IAG", "flat_fees": [{"token": "IAG", "amount": "2.196726"}]}, "exchange_trade_id": "58caf55c-1a54-4a7c-b5d5-55bf0211668b", "exchange_order_id": "b86752a8-0d54-4e4f-aaf7-4ee77b101c82", "leverage": 1, "position": "NIL", "event_name": "OrderFilledEvent", "event_source": "deltadefi"}
2026-03-26 17:31:21,953 - 804034 - hummingbot.core.event.event_reporter - EVENT_LOG - {"timestamp": 1774517481.0, "order_id": "hbot-deltadefiBIGUM64de93894f4dfc84e8590a01b52dee2cdcdd5702a3c3e", "base_asset": "IAG", "quote_asset": "USDM", "base_asset_amount": "2196.727", "quote_asset_amount": "570.490001", "order_type": "OrderType.LIMIT", "exchange_order_id": "b86752a8-0d54-4e4f-aaf7-4ee77b101c82", "event_name": "BuyOrderCompletedEvent", "event_source": "deltadefi"}
2026-03-26 17:31:21,954 - 804034 - hummingbot.connector.client_order_tracker - INFO - BUY order hbot-deltadefiBIGUM64de93894f4dfc84e8590a01b52dee2cdcdd5702a3c3e completely filled.
2026-03-26 17:31:22,009 - 804034 - hummingbot.core.event.event_reporter - EVENT_LOG - {"timestamp": 1774517481.0, "order_id": "hbot-deltadefiSIGUM64de93894e9dec84e8590a01b52dee2cdcdd5702a3c3e", "exchange_order_id": "1e8192c4-f565-4725-b844-5807e9a5de27", "event_name": "OrderCancelledEvent", "event_source": "deltadefi"}
2026-03-26 17:31:22,010 - 804034 - hummingbot.connector.client_order_tracker - INFO - Successfully canceled order hbot-deltadefiSIGUM64de93894e9dec84e8590a01b52dee2cdcdd5702a3c3e.
2026-03-26 17:31:22,528 - 804034 - hummingbot.connector.client_order_tracker - INFO - Created LIMIT BUY order hbot-deltadefiBIGUM64dea0c297088c84e8590a01b52dee2cdcdd5702a3c3e for 2198.508 IAG-USDM at 0.25850.
2026-03-26 17:31:22,543 - 804034 - hummingbot.core.event.event_reporter - EVENT_LOG - {"timestamp": 1774517482.0, "type": "OrderType.LIMIT", "trading_pair": "IAG-USDM", "amount": "2198.508", "price": "0.25850", "order_id": "hbot-deltadefiBIGUM64dea0c297088c84e8590a01b52dee2cdcdd5702a3c3e", "creation_timestamp": 1774517481.0, "exchange_order_id": "7a624c90-5d71-4e53-a9c7-83b4a87d208f", "leverage": 1, "position": "NIL", "event_name": "BuyOrderCreatedEvent", "event_source": "deltadefi"}
2026-03-26 17:31:22,567 - 804034 - hummingbot.connector.client_order_tracker - INFO - Created LIMIT SELL order hbot-deltadefiSIGUM64dea0c296555c84e8590a01b52dee2cdcdd5702a3c3e for 2178.764 IAG-USDM at 0.26090.
2026-03-26 17:31:22,590 - 804034 - hummingbot.core.event.event_reporter - EVENT_LOG - {"timestamp": 1774517482.0, "type": "OrderType.LIMIT", "trading_pair": "IAG-USDM", "amount": "2178.764", "price": "0.26090", "order_id": "hbot-deltadefiSIGUM64dea0c296555c84e8590a01b52dee2cdcdd5702a3c3e", "creation_timestamp": 1774517481.0, "exchange_order_id": "44abf16f-626e-4ff4-9794-9e902f64bdc2", "leverage": 1, "position": "NIL", "event_name": "SellOrderCreatedEvent", "event_source": "deltadefi"}
2026-03-26 17:31:34,088 - 804034 - hummingbot.connector.client_order_tracker - INFO - The BUY order hbot-deltadefiBIGUM64dea0c297088c84e8590a01b52dee2cdcdd5702a3c3e amounting to 2198.508/2198.508 IAG has been filled at 0.25850 USDM.
2026-03-26 17:31:34,088 - 804034 - hummingbot.strategy.strategy_v2_base - INFO - CL-AMM BUY 2198.5080 @ 0.258500 | P&L: -1146.2624 | pool: 0.256247 | range: [0.256744, 0.285357] [clock=2026-03-26 09:31:34+00:00]
2026-03-26 17:31:34,103 - 804034 - hummingbot.core.event.event_reporter - EVENT_LOG - {"timestamp": 1774517494.0, "order_id": "hbot-deltadefiBIGUM64dea0c297088c84e8590a01b52dee2cdcdd5702a3c3e", "trading_pair": "IAG-USDM", "trade_type": "TradeType.BUY", "order_type": "OrderType.LIMIT", "price": "0.25850", "amount": "2198.508", "trade_fee": {"percent": "0", "percent_token": "IAG", "flat_fees": [{"token": "IAG", "amount": "2.198508"}]}, "exchange_trade_id": "a2e5d548-6594-4470-8e3e-96eb518ba9fd", "exchange_order_id": "7a624c90-5d71-4e53-a9c7-83b4a87d208f", "leverage": 1, "position": "NIL", "event_name": "OrderFilledEvent", "event_source": "deltadefi"}
2026-03-26 17:31:34,136 - 804034 - hummingbot.core.event.event_reporter - EVENT_LOG - {"timestamp": 1774517494.0, "order_id": "hbot-deltadefiBIGUM64dea0c297088c84e8590a01b52dee2cdcdd5702a3c3e", "base_asset": "IAG", "quote_asset": "USDM", "base_asset_amount": "2198.508", "quote_asset_amount": "568.314318", "order_type": "OrderType.LIMIT", "exchange_order_id": "7a624c90-5d71-4e53-a9c7-83b4a87d208f", "event_name": "BuyOrderCompletedEvent", "event_source": "deltadefi"}
2026-03-26 17:31:34,136 - 804034 - hummingbot.connector.client_order_tracker - INFO - BUY order hbot-deltadefiBIGUM64dea0c297088c84e8590a01b52dee2cdcdd5702a3c3e completely filled.
2026-03-26 17:31:34,182 - 804034 - hummingbot.core.event.event_reporter - EVENT_LOG - {"timestamp": 1774517494.0, "order_id": "hbot-deltadefiSIGUM64dea0c296555c84e8590a01b52dee2cdcdd5702a3c3e", "exchange_order_id": "44abf16f-626e-4ff4-9794-9e902f64bdc2", "event_name": "OrderCancelledEvent", "event_source": "deltadefi"}
2026-03-26 17:31:34,182 - 804034 - hummingbot.connector.client_order_tracker - INFO - Successfully canceled order hbot-deltadefiSIGUM64dea0c296555c84e8590a01b52dee2cdcdd5702a3c3e.
2026-03-26 17:31:34,859 - 804034 - hummingbot.connector.client_order_tracker - INFO - Created LIMIT SELL order hbot-deltadefiSIGUM64dea0ce337ffc84e8590a01b52dee2cdcdd5702a3c3e for 2180.463 IAG-USDM at 0.25970.
2026-03-26 17:31:34,872 - 804034 - hummingbot.core.event.event_reporter - EVENT_LOG - {"timestamp": 1774517494.0, "type": "OrderType.LIMIT", "trading_pair": "IAG-USDM", "amount": "2180.463", "price": "0.25970", "order_id": "hbot-deltadefiSIGUM64dea0ce337ffc84e8590a01b52dee2cdcdd5702a3c3e", "creation_timestamp": 1774517494.0, "exchange_order_id": "2c7b192f-225b-43b0-acd6-6a7396af4565", "leverage": 1, "position": "NIL", "event_name": "SellOrderCreatedEvent", "event_source": "deltadefi"}
2026-03-26 17:31:34,898 - 804034 - hummingbot.connector.client_order_tracker - INFO - Created LIMIT BUY order hbot-deltadefiBIGUM64dea0ce3386bc84e8590a01b52dee2cdcdd5702a3c3e for 2202.443 IAG-USDM at 0.25710.
2026-03-26 17:31:34,914 - 804034 - hummingbot.core.event.event_reporter - EVENT_LOG - {"timestamp": 1774517494.0, "type": "OrderType.LIMIT", "trading_pair": "IAG-USDM", "amount": "2202.443", "price": "0.25710", "order_id": "hbot-deltadefiBIGUM64dea0ce3386bc84e8590a01b52dee2cdcdd5702a3c3e", "creation_timestamp": 1774517494.0, "exchange_order_id": "d05d9580-3bf8-4844-8bb2-616b8357f4ae", "leverage": 1, "position": "NIL", "event_name": "BuyOrderCreatedEvent", "event_source": "deltadefi"}
2026-03-26 19:26:16,715 - 804034 - hummingbot.connector.exchange.deltadefi.deltadefi_api_order_book_data_source.DeltaDefiAPIOrderBookDataSource - ERROR - Unexpected error in trades listener. Reconnecting...
Traceback (most recent call last):
  File "/home/yanyuk_tom/iag-staging-hummingbot/hummingbot/connector/exchange/deltadefi/deltadefi_api_order_book_data_source.py", line 210, in listen_for_trades
    async for ws_response in trades_ws.iter_messages():
    ...<2 lines>...
            await self._parse_trade_message(msg, output)
  File "/home/yanyuk_tom/iag-staging-hummingbot/hummingbot/core/web_assistant/ws_assistant.py", line 71, in iter_messages
    response = await self._connection.receive()
               ^^^^^^^^^^^^^^^^^^^^^^^^^^^^^^^^
  File "/home/yanyuk_tom/iag-staging-hummingbot/hummingbot/core/web_assistant/connections/ws_connection.py", line 67, in receive
    msg = await self._process_message(msg)
          ^^^^^^^^^^^^^^^^^^^^^^^^^^^^^^^^
  File "/home/yanyuk_tom/iag-staging-hummingbot/hummingbot/core/web_assistant/connections/ws_connection.py", line 89, in _process_message
    msg = await self._check_msg_types(msg)
          ^^^^^^^^^^^^^^^^^^^^^^^^^^^^^^^^
  File "/home/yanyuk_tom/iag-staging-hummingbot/hummingbot/core/web_assistant/connections/ws_connection.py", line 95, in _check_msg_types
    msg = await self._check_msg_closed_type(msg)
          ^^^^^^^^^^^^^^^^^^^^^^^^^^^^^^^^^^^^^^
  File "/home/yanyuk_tom/iag-staging-hummingbot/hummingbot/core/web_assistant/connections/ws_connection.py", line 115, in _check_msg_closed_type
    raise ConnectionError(
        f"The WS connection was closed unexpectedly. Close code = {close_code} msg data: {msg.data}"
    )
ConnectionError: The WS connection was closed unexpectedly. Close code = 1006 msg data: None
2026-03-26 19:26:21,801 - 804034 - hummingbot.connector.exchange.deltadefi.deltadefi_api_order_book_data_source.DeltaDefiAPIOrderBookDataSource - INFO - Connected to market trades stream
2026-03-26 20:40:10,820 - 804034 - hummingbot.connector.exchange.deltadefi.deltadefi_api_user_stream_data_source.DeltaDefiAPIUserStreamDataSource - WARNING - The websocket connection was closed (The WS connection was closed unexpectedly. Close code = 1006 msg data: None)
2026-03-26 20:40:10,898 - 804034 - hummingbot.connector.exchange.deltadefi.deltadefi_api_user_stream_data_source.DeltaDefiAPIUserStreamDataSource - INFO - Connected to private account stream (auto-subscribed)
2026-03-26 21:42:16,552 - 804034 - hummingbot.connector.exchange.deltadefi.deltadefi_api_user_stream_data_source.DeltaDefiAPIUserStreamDataSource - WARNING - The websocket connection was closed (The WS connection was closed unexpectedly. Close code = 1006 msg data: None)
2026-03-26 21:42:16,621 - 804034 - hummingbot.connector.exchange.deltadefi.deltadefi_api_user_stream_data_source.DeltaDefiAPIUserStreamDataSource - INFO - Connected to private account stream (auto-subscribed)
2026-03-26 22:03:02,678 - 804034 - hummingbot.connector.exchange.deltadefi.deltadefi_api_order_book_data_source.DeltaDefiAPIOrderBookDataSource - WARNING - The websocket connection was closed (The WS connection was closed unexpectedly. Close code = 1006 msg data: None)
2026-03-26 22:03:02,757 - 804034 - hummingbot.connector.exchange.deltadefi.deltadefi_api_order_book_data_source.DeltaDefiAPIOrderBookDataSource - INFO - Connected to market depth stream (auto-subscribed)
2026-03-26 22:18:52,578 - 804034 - hummingbot.connector.exchange.deltadefi.deltadefi_api_order_book_data_source.DeltaDefiAPIOrderBookDataSource - ERROR - Unexpected error in trades listener. Reconnecting...
Traceback (most recent call last):
  File "/home/yanyuk_tom/iag-staging-hummingbot/hummingbot/connector/exchange/deltadefi/deltadefi_api_order_book_data_source.py", line 210, in listen_for_trades
    async for ws_response in trades_ws.iter_messages():
    ...<2 lines>...
            await self._parse_trade_message(msg, output)
  File "/home/yanyuk_tom/iag-staging-hummingbot/hummingbot/core/web_assistant/ws_assistant.py", line 71, in iter_messages
    response = await self._connection.receive()
               ^^^^^^^^^^^^^^^^^^^^^^^^^^^^^^^^
  File "/home/yanyuk_tom/iag-staging-hummingbot/hummingbot/core/web_assistant/connections/ws_connection.py", line 67, in receive
    msg = await self._process_message(msg)
          ^^^^^^^^^^^^^^^^^^^^^^^^^^^^^^^^
  File "/home/yanyuk_tom/iag-staging-hummingbot/hummingbot/core/web_assistant/connections/ws_connection.py", line 89, in _process_message
    msg = await self._check_msg_types(msg)
          ^^^^^^^^^^^^^^^^^^^^^^^^^^^^^^^^
  File "/home/yanyuk_tom/iag-staging-hummingbot/hummingbot/core/web_assistant/connections/ws_connection.py", line 95, in _check_msg_types
    msg = await self._check_msg_closed_type(msg)
          ^^^^^^^^^^^^^^^^^^^^^^^^^^^^^^^^^^^^^^
  File "/home/yanyuk_tom/iag-staging-hummingbot/hummingbot/core/web_assistant/connections/ws_connection.py", line 115, in _check_msg_closed_type
    raise ConnectionError(
        f"The WS connection was closed unexpectedly. Close code = {close_code} msg data: {msg.data}"
    )
ConnectionError: The WS connection was closed unexpectedly. Close code = 1006 msg data: None
2026-03-26 22:18:57,646 - 804034 - hummingbot.connector.exchange.deltadefi.deltadefi_api_order_book_data_source.DeltaDefiAPIOrderBookDataSource - INFO - Connected to market trades stream
2026-03-26 23:07:42,617 - 804034 - hummingbot.connector.client_order_tracker - INFO - The BUY order hbot-deltadefiBIGUM64dea0ce3386bc84e8590a01b52dee2cdcdd5702a3c3e amounting to 2202.443/2202.443 IAG has been filled at 0.25710 USDM.
2026-03-26 23:07:42,622 - 804034 - hummingbot.strategy.strategy_v2_base - INFO - CL-AMM BUY 2202.4430 @ 0.257100 | P&L: -1538.6358 | pool: 0.254804 | range: [0.256744, 0.285357] [clock=2026-03-26 15:07:42+00:00]
2026-03-26 23:07:42,636 - 804034 - hummingbot.core.event.event_reporter - EVENT_LOG - {"timestamp": 1774537662.0, "order_id": "hbot-deltadefiBIGUM64dea0ce3386bc84e8590a01b52dee2cdcdd5702a3c3e", "trading_pair": "IAG-USDM", "trade_type": "TradeType.BUY", "order_type": "OrderType.LIMIT", "price": "0.25710", "amount": "2202.443", "trade_fee": {"percent": "0", "percent_token": "IAG", "flat_fees": [{"token": "IAG", "amount": "2.202442"}]}, "exchange_trade_id": "9f7fc8b3-bb80-46d6-a607-21b1c1b01d2a", "exchange_order_id": "d05d9580-3bf8-4844-8bb2-616b8357f4ae", "leverage": 1, "position": "NIL", "event_name": "OrderFilledEvent", "event_source": "deltadefi"}
2026-03-26 23:07:42,638 - 804034 - hummingbot.connector.exchange.deltadefi.deltadefi_exchange.DeltadefiExchange - WARNING - Reconciliation: order hbot-deltadefiBIGUM64dea0ce3386bc84e8590a01b52dee2cdcdd5702a3c3e state corrected to OrderState.FILLED
2026-03-26 23:07:42,677 - 804034 - hummingbot.core.event.event_reporter - EVENT_LOG - {"timestamp": 1774537662.0, "order_id": "hbot-deltadefiBIGUM64dea0ce3386bc84e8590a01b52dee2cdcdd5702a3c3e", "base_asset": "IAG", "quote_asset": "USDM", "base_asset_amount": "2202.443", "quote_asset_amount": "566.248095", "order_type": "OrderType.LIMIT", "exchange_order_id": "d05d9580-3bf8-4844-8bb2-616b8357f4ae", "event_name": "BuyOrderCompletedEvent", "event_source": "deltadefi"}
2026-03-26 23:07:42,677 - 804034 - hummingbot.connector.client_order_tracker - INFO - BUY order hbot-deltadefiBIGUM64dea0ce3386bc84e8590a01b52dee2cdcdd5702a3c3e completely filled.
2026-03-26 23:07:42,757 - 804034 - hummingbot.core.event.event_reporter - EVENT_LOG - {"timestamp": 1774537662.0, "order_id": "hbot-deltadefiSIGUM64dea0ce337ffc84e8590a01b52dee2cdcdd5702a3c3e", "exchange_order_id": "2c7b192f-225b-43b0-acd6-6a7396af4565", "event_name": "OrderCancelledEvent", "event_source": "deltadefi"}
2026-03-26 23:07:42,757 - 804034 - hummingbot.connector.client_order_tracker - INFO - Successfully canceled order hbot-deltadefiSIGUM64dea0ce337ffc84e8590a01b52dee2cdcdd5702a3c3e.
2026-03-26 23:07:43,224 - 804034 - hummingbot.connector.client_order_tracker - INFO - Created LIMIT SELL order hbot-deltadefiSIGUM64deebf07435ac84e8590a01b52dee2cdcdd5702a3c3e for 2218.909 IAG-USDM at 0.25690.
2026-03-26 23:07:43,234 - 804034 - hummingbot.core.event.event_reporter - EVENT_LOG - {"timestamp": 1774537663.0, "type": "OrderType.LIMIT", "trading_pair": "IAG-USDM", "amount": "2218.909", "price": "0.25690", "order_id": "hbot-deltadefiSIGUM64deebf07435ac84e8590a01b52dee2cdcdd5702a3c3e", "creation_timestamp": 1774537662.0, "exchange_order_id": "ac3cb264-63aa-42d6-93b8-9bb970312288", "leverage": 1, "position": "NIL", "event_name": "SellOrderCreatedEvent", "event_source": "deltadefi"}
2026-03-26 23:07:43,258 - 804034 - hummingbot.connector.client_order_tracker - INFO - Created LIMIT BUY order hbot-deltadefiBIGUM64deebf074b82c84e8590a01b52dee2cdcdd5702a3c3e for 2238.979 IAG-USDM at 0.25460.
2026-03-26 23:07:43,271 - 804034 - hummingbot.core.event.event_reporter - EVENT_LOG - {"timestamp": 1774537663.0, "type": "OrderType.LIMIT", "trading_pair": "IAG-USDM", "amount": "2238.979", "price": "0.25460", "order_id": "hbot-deltadefiBIGUM64deebf074b82c84e8590a01b52dee2cdcdd5702a3c3e", "creation_timestamp": 1774537662.0, "exchange_order_id": "8ce37c54-1328-463e-a888-db390f8c9bf6", "leverage": 1, "position": "NIL", "event_name": "BuyOrderCreatedEvent", "event_source": "deltadefi"}
2026-03-27 01:57:08,424 - 804034 - hummingbot.connector.client_order_tracker - INFO - The BUY order hbot-deltadefiBIGUM64deebf074b82c84e8590a01b52dee2cdcdd5702a3c3e amounting to 2238.979/2238.979 IAG has been filled at 0.25460 USDM.
2026-03-27 01:57:08,426 - 804034 - hummingbot.strategy.strategy_v2_base - INFO - CL-AMM BUY 2238.9790 @ 0.254600 | P&L: -1546.4012 | pool: 0.254387 | range: [0.242346, 0.269354] [clock=2026-03-26 17:57:08+00:00]
2026-03-27 01:57:08,441 - 804034 - hummingbot.core.event.event_reporter - EVENT_LOG - {"timestamp": 1774547828.0, "order_id": "hbot-deltadefiBIGUM64deebf074b82c84e8590a01b52dee2cdcdd5702a3c3e", "trading_pair": "IAG-USDM", "trade_type": "TradeType.BUY", "order_type": "OrderType.LIMIT", "price": "0.25460", "amount": "2238.979", "trade_fee": {"percent": "0", "percent_token": "IAG", "flat_fees": [{"token": "IAG", "amount": "2.238978"}]}, "exchange_trade_id": "10b08f97-3c5d-40e9-80bb-998dae1ab599", "exchange_order_id": "8ce37c54-1328-463e-a888-db390f8c9bf6", "leverage": 1, "position": "NIL", "event_name": "OrderFilledEvent", "event_source": "deltadefi"}
2026-03-27 01:57:08,471 - 804034 - hummingbot.core.event.event_reporter - EVENT_LOG - {"timestamp": 1774547828.0, "order_id": "hbot-deltadefiBIGUM64deebf074b82c84e8590a01b52dee2cdcdd5702a3c3e", "base_asset": "IAG", "quote_asset": "USDM", "base_asset_amount": "2238.979", "quote_asset_amount": "570.044053", "order_type": "OrderType.LIMIT", "exchange_order_id": "8ce37c54-1328-463e-a888-db390f8c9bf6", "event_name": "BuyOrderCompletedEvent", "event_source": "deltadefi"}
2026-03-27 01:57:08,471 - 804034 - hummingbot.connector.client_order_tracker - INFO - BUY order hbot-deltadefiBIGUM64deebf074b82c84e8590a01b52dee2cdcdd5702a3c3e completely filled.
2026-03-27 01:57:08,516 - 804034 - hummingbot.core.event.event_reporter - EVENT_LOG - {"timestamp": 1774547828.0, "order_id": "hbot-deltadefiSIGUM64deebf07435ac84e8590a01b52dee2cdcdd5702a3c3e", "exchange_order_id": "ac3cb264-63aa-42d6-93b8-9bb970312288", "event_name": "OrderCancelledEvent", "event_source": "deltadefi"}
2026-03-27 01:57:08,516 - 804034 - hummingbot.connector.client_order_tracker - INFO - Successfully canceled order hbot-deltadefiSIGUM64deebf07435ac84e8590a01b52dee2cdcdd5702a3c3e.
2026-03-27 01:57:09,143 - 804034 - hummingbot.connector.client_order_tracker - INFO - Created LIMIT BUY order hbot-deltadefiBIGUM64df11cf4757fc84e8590a01b52dee2cdcdd5702a3c3e for 2239.495 IAG-USDM at 0.25350.
2026-03-27 01:57:09,155 - 804034 - hummingbot.core.event.event_reporter - EVENT_LOG - {"timestamp": 1774547829.0, "type": "OrderType.LIMIT", "trading_pair": "IAG-USDM", "amount": "2239.495", "price": "0.25350", "order_id": "hbot-deltadefiBIGUM64df11cf4757fc84e8590a01b52dee2cdcdd5702a3c3e", "creation_timestamp": 1774547828.0, "exchange_order_id": "b6bb5ee5-7010-45c8-a741-12c98f26a61a", "leverage": 1, "position": "NIL", "event_name": "BuyOrderCreatedEvent", "event_source": "deltadefi"}
2026-03-27 01:57:09,173 - 804034 - hummingbot.connector.client_order_tracker - INFO - Created LIMIT SELL order hbot-deltadefiSIGUM64df11cf47403c84e8590a01b52dee2cdcdd5702a3c3e for 2219.415 IAG-USDM at 0.25580.
2026-03-27 01:57:09,185 - 804034 - hummingbot.core.event.event_reporter - EVENT_LOG - {"timestamp": 1774547829.0, "type": "OrderType.LIMIT", "trading_pair": "IAG-USDM", "amount": "2219.415", "price": "0.25580", "order_id": "hbot-deltadefiSIGUM64df11cf47403c84e8590a01b52dee2cdcdd5702a3c3e", "creation_timestamp": 1774547828.0, "exchange_order_id": "05ba842d-6c24-4886-9bad-2407d07bf712", "leverage": 1, "position": "NIL", "event_name": "SellOrderCreatedEvent", "event_source": "deltadefi"}
